0:100  0:100  MemLog inited, TSC freq: 4200581800
0:100  0:000  CPU was calibrated with RTC
0:100  0:000  
0:100  0:000  Now is 21.4.2019,  22:22:28 (GMT)
0:100  0:000  Starting Clover revision: 4920 on American Megatrends EFI
0:100  0:000  Build with: [Args: -mc --no-usb -D NO_GRUB_DRIVERS_EMBEDDED -t XCODE8 | -D DISABLE_USB_SUPPORT -D NO_GRUB_DRIVERS_EMBEDDED --conf=/Users/macman/src/edk2/Conf -D USE_BIOS_BLOCKIO -D USE_LOW_EBDA -a X64 -b RELEASE -t XCODE8 -n 13 | OS: 10.14.4 | XCODE: 10.2]
0:100  0:000  SelfDevicePath=PciRoot(0x0)\Pci(0x17,0x0)\Sata(0x1,0xFFFF,0x0)\HD(1,GPT,26ABCD81-B05A-4EB2-AC6C-21212EC65A34,0x28,0x64000) @BA1449D8
0:100  0:000  SelfDirPath = \EFI\BOOT
0:104  0:003  === [ Get Smbios ] ========================================
0:104  0:000  Type 16 Index = 0
0:104  0:000  Total Memory Slots Count = 4
0:104  0:000  Type 17 Index = 0
0:104  0:000  Ignoring insane frequency value 0MHz
0:104  0:000  SmbiosTable.Type17->Speed = 0MHz
0:104  0:000  SmbiosTable.Type17->Size = 0MB
0:104  0:000  SmbiosTable.Type17->Bank/Device = BANK 0 ChannelA-DIMM0
0:104  0:000  SmbiosTable.Type17->Vendor = <null string>
0:104  0:000  SmbiosTable.Type17->SerialNumber = <null string>
0:104  0:000  SmbiosTable.Type17->PartNumber = <null string>
0:104  0:000  Type 17 Index = 1
0:104  0:000  SmbiosTable.Type17->Speed = 2667MHz
0:104  0:000  SmbiosTable.Type17->Size = 8192MB
0:104  0:000  SmbiosTable.Type17->Bank/Device = BANK 1 ChannelA-DIMM1
0:104  0:000  SmbiosTable.Type17->Vendor = 859B
0:104  0:000  SmbiosTable.Type17->SerialNumber = E63571CC
0:104  0:000  SmbiosTable.Type17->PartNumber = BLS8G4D26BFSB.16FBD2
0:104  0:000  Type 17 Index = 2
0:104  0:000  Ignoring insane frequency value 0MHz
0:104  0:000  SmbiosTable.Type17->Speed = 0MHz
0:104  0:000  SmbiosTable.Type17->Size = 0MB
0:104  0:000  SmbiosTable.Type17->Bank/Device = BANK 2 ChannelB-DIMM0
0:104  0:000  SmbiosTable.Type17->Vendor = <null string>
0:104  0:000  SmbiosTable.Type17->SerialNumber = <null string>
0:104  0:000  SmbiosTable.Type17->PartNumber = <null string>
0:104  0:000  Type 17 Index = 3
0:104  0:000  SmbiosTable.Type17->Speed = 2667MHz
0:104  0:000  SmbiosTable.Type17->Size = 8192MB
0:104  0:000  SmbiosTable.Type17->Bank/Device = BANK 3 ChannelB-DIMM1
0:104  0:000  SmbiosTable.Type17->Vendor = 859B
0:104  0:000  SmbiosTable.Type17->SerialNumber = E63571D0
0:104  0:000  SmbiosTable.Type17->PartNumber = BLS8G4D26BFSB.16FBD2
0:104  0:000  Boot status=0
0:104  0:000  Running on: 'Z270X-UD3' with board 'Z270X-UD3-CF'
0:104  0:000  === [ GetCPUProperties ] ==================================
0:104  0:000  CPU Vendor = 756E6547 Model=906E9
0:104  0:000   The CPU supported SSE4.1
0:104  0:000  BrandString = Intel(R) Core(TM) i7-7700K CPU @ 4.20GHz
0:104  0:000   The CPU supported turbo
0:104  0:000  MSR 0x35               40008
0:104  0:000   TSC/CCC Information Leaf:
0:104  0:000    numerator     : 350
0:104  0:000    denominator   : 2
0:104  0:000   Calibrated ARTFrequency: 24003324
0:104  0:000  MSR 0xE2 before patch 00008000
0:104  0:000  MSR 0xE2 is locked, PM patches will be turned on
0:104  0:000  MSR 0xCE              00080838_F1012A00
0:104  0:000  corrected FLEX_RATIO = E0000
0:104  0:000  FSBFrequency = 108 MHz, DMI FSBFrequency = 100 MHz, Corrected FSBFrequency = 100 MHz
0:104  0:000  MaxDiv/MinDiv: 42.0/8
0:104  0:000  Turbo: 45/45/45/45
0:104  0:000  Features: 0xBFEBFBFF
0:104  0:000  Threads: 8
0:104  0:000  Cores: 4
0:104  0:000  FSB: 100 MHz
0:104  0:000  CPU: 4500 MHz
0:104  0:000  TSC: 4500 MHz
0:104  0:000  PIS: 100 MHz
0:104  0:000  ExternalClock: 25 MHz
0:104  0:000  === [ GetDevices ] ========================================
0:104  0:000  PCI (00|00:00.00) : 8086 591F class=060000
0:104  0:000  PCI (00|00:01.00) : 8086 1901 class=060400
0:104  0:000  PCI (00|01:00.00) : 1002 67FF class=030000
0:104  0:000   - GFX: Model=AMD Radeon RX 560 (ATI/AMD)
0:104  0:000  PCI (00|01:00.01) : 1002 AAE0 class=040300
0:104  0:000   - HDMI Audio: 
0:104  0:000  PCI (00|00:08.00) : 8086 1911 class=088000
0:104  0:000  PCI (00|00:14.00) : 8086 A2AF class=0C0330
0:104  0:000  PCI (00|00:16.00) : 8086 A2BA class=078000
0:104  0:000  PCI (00|00:17.00) : 8086 A282 class=010601
0:104  0:000  PCI (00|00:1B.00) : 8086 A2E7 class=060400
0:104  0:000  PCI (00|00:1B.02) : 8086 A2E9 class=060400
0:104  0:000  PCI (00|00:1B.03) : 8086 A2EA class=060400
0:104  0:000  PCI (00|00:1B.04) : 8086 A2EB class=060400
0:104  0:000  PCI (00|00:1C.00) : 8086 A290 class=060400
0:104  0:000  PCI (00|00:1C.04) : 8086 A294 class=060400
0:104  0:000  PCI (00|07:00.00) : 1B21 2142 class=0C0330
0:104  0:000  PCI (00|00:1C.06) : 8086 A296 class=060400
0:104  0:000  PCI (00|00:1D.00) : 8086 A298 class=060400
0:104  0:000  PCI (00|00:1F.00) : 8086 A2C5 class=060100
0:104  0:000  PCI (00|00:1F.02) : 8086 A2A1 class=058000
0:104  0:000  PCI (00|00:1F.03) : 8086 A2F0 class=040300
0:104  0:000  PCI (00|00:1F.04) : 8086 A2A3 class=0C0500
0:104  0:000  PCI (00|00:1F.06) : 8086 15B8 class=020000
0:104  0:000   - LAN: 0 Vendor=Intel
0:104  0:000  === [ GetDefaultSettings ] ================================
0:105  0:000  Clover load options size = 0 bytes
0:113  0:008  EFI\CLOVER\config.plist loaded: Success
0:113  0:000  === [ GetListOfThemes ] ===================================
0:115  0:001  - [00]: tonymacx86
0:118  0:003  - [01]: random
0:121  0:002  - [01]: embedded
0:126  0:004  === [ Found config plists ] ===============================
0:127  0:001  - config.plist
0:128  0:000  === [ GetEarlyUserSettings ] ==============================
0:128  0:000  timeout set to 3
0:128  0:000  Custom boot CUSTOM_BOOT_DISABLED (0x0)
0:146  0:018  KextsToPatch: 1 requested
0:155  0:009   - [00]: AppleAHCIPort (External icons patch) :: BinPatch :: data len: 8
0:195  0:039  Default theme: tonymacx86
0:204  0:008  Hiding entries with string Windows
0:213  0:009  Hiding entries with string BOOTX64.EFI
0:223  0:009  === [ LoadDrivers ] =======================================
0:617  0:393  Loading PartitionDxe-64.efi  status=Success
0:655  0:038   - driver needs connecting
0:664  0:009  Loading DataHubDxe-64.efi  status=Success
0:697  0:033  Loading VBoxHfs-64.efi  status=Success
0:730  0:032   - driver needs connecting
0:739  0:009  Loading FSInject-64.efi  status=Success
0:772  0:032  Loading ApfsDriverLoader-64.efi  status=Success
0:805  0:033   - driver needs connecting
0:816  0:011  Loading SMCHelper-64.efi  status=Success
0:848  0:031  Loading AptioMemoryFix-64.efi  status=Success
0:880  0:032  Loading AudioDxe-64.efi  status=Success
0:916  0:035   - driver needs connecting
0:927  0:011  4 drivers needs connecting ...
0:937  0:009  PlatformDriverOverrideProtocol->GetDriver overriden
0:946  0:009  Partition driver loaded: 
0:965  0:018  APFS driver loaded
0:973  0:008  Searching for invalid DiskIo BY_DRIVER connects: not found, all ok
6:159  5:186  === [ InitScreen ] ========================================
6:552  0:392  Console modes reported: 6, available modes:
6:561  0:008   - [01]: 80x25
6:575  0:013   - [02]: 80x50
6:584  0:009   - [03]: 100x31
6:593  0:008   - [04]: 127x33 (current mode)
6:602  0:009   - [06]: 120x50
6:611  0:009  SetScreenResolution: 1920x1080 - setting Mode 4
6:653  0:042  Video mode change to mode #4: Success
6:663  0:009  SetScreenResolution: 1920x1080 - already set
6:682  0:019  reinit: self device path=PciRoot(0x0)\Pci(0x17,0x0)\Sata(0x1,0xFFFF,0x0)\HD(1,GPT,26ABCD81-B05A-4EB2-AC6C-21212EC65A34,0x28,0x64000)
6:694  0:012  Using embedded font: Success
6:704  0:010  === [ GetMacAddress ] =====================================
7:073  0:368  === [ ScanSPD ] ===========================================
7:512  0:439  Scanning SMBus [8086:A2A3], mmio: 0xEFF4A004, ioport: 0xF000, hostc: 0x11
7:540  0:027  Slot: 1 Type 26 8192MB 2666MHz Vendor=Crucial Technology PartNo=BLS8G4D26BFSB.16FBD2 SerialNo=0E06030507010C0C
7:567  0:027  Slot: 3 Type 26 8192MB 2666MHz Vendor=Crucial Technology PartNo=BLS8G4D26BFSB.16FBD2 SerialNo=0E06030507010D00
7:577  0:009  === [ GetAcpiTablesList ] =================================
7:905  0:327  Get Acpi Tables List from RSDT:
7:923  0:018   - [00]: FACP  A M I  len=132
7:932  0:008   - [01]: APIC  A M I  len=188
7:941  0:009   - [02]: FPDT  A M I  len=68
7:950  0:008   - [03]: MCFG  A M I  len=60
7:960  0:010   - [04]: FIDT  A M I len=156
7:982  0:022   - [05]: SSDT  SaSsdt  len=12628
7:991  0:008   - [06]: SSDT  PegSsdt len=9540
7:999  0:008   - [07]: HPET  KBL len=56
8:009  0:009   - [08]: SSDT  Ther_Rvp len=3643
8:017  0:008   - [09]: SSDT  xh_rvp10 len=2303
8:030  0:012   - [10]: UEFI  EDK2     len=66
8:039  0:009   - [11]: SSDT  CpuSsdt len=3806
8:048  0:009   - [12]: LPIT  KBL len=148
8:057  0:008   - [13]: WSMT  KBL len=40
8:066  0:008   - [14]: SSDT  sensrhub len=671
8:075  0:008   - [15]: SSDT  PtidDevc len=12290
8:083  0:008   - [16]: DBGP   len=52
8:092  0:008   - [17]: DBG2   len=84
8:102  0:009   - [18]: BGRT  A M I  len=56
8:110  0:008  Calibrated TSC Frequency = 4200581800 = 4200MHz
8:120  0:009  === [ GetUserSettings ] ===================================
8:457  0:337  USB FixOwnership: yes
8:466  0:008  Dropping 1 tables:
8:475  0:009   - [00]: Drop table  signature="MATS" (5354414D)
8:547  0:071           - set table: 5354414D,                0 to drop: no
8:565  0:017   - final DSDT Fix mask=00000000
8:574  0:009  Using ProductName from config: iMac18,3
8:583  0:009  Found same BiosVersion in clover and config
8:592  0:009  BiosVersion: IM183.88Z.F000.B00.1902181222
8:601  0:008  BiosReleaseDate: 02/18/2019
8:613  0:012  Using EfiVersion from clover: 170.0.0.0.0
8:622  0:009  Using FirmwareFeatures from clover: 0xFC0FE137
8:631  0:009  Using FirmwareFeaturesMask from clover: 0xFF1FFF3F
8:640  0:009  Using PlatformFeature from clover: 0x0
8:652  0:011  === [ Found DSDT tables ] =================================
8:988  0:336  === [ ScanVolumes ] =======================================
9:363  0:374  Found 13 volumes with blockIO
9:372  0:009  - [00]: Volume: PciRoot(0x0)\Pci(0x14,0x0)\USB(0x17,0x0)
9:394  0:022          USB volume
9:404  0:009  - [01]: Volume: PciRoot(0x0)\Pci(0x14,0x0)\USB(0x17,0x0)\HD(1,GPT,2E51718B-BF36-4F60-9A74-9D20BE9C459C,0x28,0x64000)
9:423  0:019          Result of bootcode detection: bootable unknown (legacy)
9:432  0:009          USB volume
9:443  0:011  - [02]: Volume: PciRoot(0x0)\Pci(0x14,0x0)\USB(0x17,0x0)\HD(2,GPT,4E164F7C-0A53-4E25-B727-138979FF3FE2,0x64028,0x38A3AD8)
9:462  0:019          USB volume
9:471  0:009  - [03]: Volume: PciRoot(0x0)\Pci(0x17,0x0)\Sata(0x0,0xFFFF,0x0)
9:493  0:021  - [04]: Volume: PciRoot(0x0)\Pci(0x17,0x0)\Sata(0x1,0xFFFF,0x0)
9:512  0:018  - [05]: Volume: PciRoot(0x0)\Pci(0x17,0x0)\Sata(0x0,0xFFFF,0x0)\HD(1,GPT,0BD95927-23F1-43F8-AECA-450848C009AE,0x28,0x64000)
9:531  0:018          Result of bootcode detection: bootable unknown (legacy)
9:541  0:010  - [06]: Volume: PciRoot(0x0)\Pci(0x17,0x0)\Sata(0x0,0xFFFF,0x0)\HD(2,GPT,8BA4BC30-311D-4855-9D7C-F4FBF7543911,0x64800,0x74662588)
9:560  0:018  - [07]: Volume: PciRoot(0x0)\Pci(0x17,0x0)\Sata(0x1,0xFFFF,0x0)\HD(1,GPT,26ABCD81-B05A-4EB2-AC6C-21212EC65A34,0x28,0x64000)
9:582  0:021          Result of bootcode detection: bootable unknown (legacy)
9:593  0:010          This is SelfVolume !!
9:602  0:009  - [08]: Volume: PciRoot(0x0)\Pci(0x17,0x0)\Sata(0x1,0xFFFF,0x0)\HD(2,GPT,7F117338-4082-430B-B103-AFB868978D2D,0x64028,0x1D161920)
9:621  0:018          Result of bootcode detection: bootable unknown (legacy)
9:630  0:008  - [09]: Volume: PciRoot(0x0)\Pci(0x17,0x0)\Sata(0x1,0xFFFF,0x0)\HD(2,GPT,7F117338-4082-430B-B103-AFB868978D2D,0x64028,0x1D161920)\VenMedia(BE74FCF7-0B7C-49F3-9147-01F4042E6842,559A5872AA054C4499ED142E50CADF28)
9:652  0:021  - [10]: Volume: PciRoot(0x0)\Pci(0x17,0x0)\Sata(0x1,0xFFFF,0x0)\HD(2,GPT,7F117338-4082-430B-B103-AFB868978D2D,0x64028,0x1D161920)\VenMedia(BE74FCF7-0B7C-49F3-9147-01F4042E6842,2F69B79F39AC5341B842727A97A381BC)
9:674  0:022  - [11]: Volume: PciRoot(0x0)\Pci(0x17,0x0)\Sata(0x1,0xFFFF,0x0)\HD(2,GPT,7F117338-4082-430B-B103-AFB868978D2D,0x64028,0x1D161920)\VenMedia(BE74FCF7-0B7C-49F3-9147-01F4042E6842,6F2AFAE5661902418D628F7BE4122C36)
9:695  0:021  - [12]: Volume: PciRoot(0x0)\Pci(0x17,0x0)\Sata(0x1,0xFFFF,0x0)\HD(2,GPT,7F117338-4082-430B-B103-AFB868978D2D,0x64028,0x1D161920)\VenMedia(BE74FCF7-0B7C-49F3-9147-01F4042E6842,6AB6AE57446AD740A4E85F559E45DB53)
9:713  0:018  found 2 handles with audio
9:726  0:012  No AudioIoDevice stored
9:738  0:012  no stored audio parameters
9:747  0:009  === [ InitTheme ] =========================================
10:156  0:408  use night theme
10:169  0:013  Using theme 'tonymacx86' (EFI\CLOVER\themes\tonymacx86)
10:179  0:009  file sound read: sound_night.wav Not Found
10:188  0:009  file sound read: sound.wav Not Found
10:198  0:009  Loading font from ThemeDir: Error
10:208  0:010  theme inited
10:217  0:009  Chosen theme tonymacx86
10:227  0:009  after NVRAM boot-args=dart=0
10:236  0:009  Scanning legacy ...
10:245  0:009  === [ Dump SMC keys from NVRAM ] ==========================
10:500  0:254  found AppleSMC protocol
10:568  0:068  Registered 16 SMC keys
10:579  0:010  === [ ScanLoader ] ========================================
10:960  0:381  - [01]: 'EFI'
11:081  0:120          AddLoaderEntry for Volume Name=EFI
11:090  0:009          skipped because entry is hidden
11:099  0:008  - [02]: 'Install macOS Mojave'
11:122  0:022          AddLoaderEntry for Volume Name=Install macOS Mojave
11:239  0:116  - [05]: 'EFI'
11:380  0:141  - [06]: 'HDD'
11:510  0:129  - [07]: 'EFI'
11:656  0:146          AddLoaderEntry for Volume Name=EFI
11:668  0:012          skipped because entry is hidden
11:677  0:009  - [09]: 'Preboot'
11:714  0:036          AddLoaderEntry for Volume Name=Preboot
11:744  0:029      Check if volume Is Hibernated:
11:753  0:009      Check sleep image 'by signature':
11:764  0:011      using default sleep image name = \private\var\vm\sleepimage
11:774  0:009      sleepimage not found -> Not Found
11:783  0:009      hibernated: no - sign
11:808  0:025          AddLoaderEntry for Volume Name=Preboot
11:975  0:166  - [10]: 'Mac OS'
12:176  0:201          AddLoaderEntry for Volume Name=Mac OS
12:229  0:052      Check if volume Is Hibernated:
12:238  0:009      Check sleep image 'by signature':
12:302  0:063      read prefs \Library\Preferences\com.apple.PowerManagement.plist status=Success
12:311  0:009      using default sleep image name = \private\var\vm\sleepimage
12:342  0:031      sleepimage not found -> Not Found
12:351  0:008      hibernated: no - sign
12:537  0:185  - [11]: 'Recovery'
12:573  0:035          AddLoaderEntry for Volume Name=Recovery
12:730  0:156  - [12]: 'VM'
12:843  0:113  === [ AddCustomTool ] =====================================
13:200  0:357  found tool \EFI\CLOVER\tools\Shell64U.efi
13:209  0:009  Checking EFI partition Volume 1 for Clover
13:224  0:015   Found Clover
13:247  0:022  === [ GetEfiBootDeviceFromNvram ] =========================
13:493  0:246   - found entry 3. 'Boot macOS from Mac OS', Volume 'Mac OS', DevicePath 'PciRoot(0x0)\Pci(0x17,0x0)\Sata(0x1,0xFFFF,0x0)\HD(2,GPT,7F117338-4082-430B-B103-AFB868978D2D,0x64028,0x1D161920)\VenMedia(BE74FCF7-0B7C-49F3-9147-01F4042E6842,2F69B79F39AC5341B842727A97A381BC)\System\Library\CoreServices\boot.efii'
13:505  0:011  DefaultIndex=3 and MainMenu.EntryCount=11
13:630  0:125  GUI ready
20:083  6:453  EDITED: -v
21:094  1:010  ReinitSelfLib after theme change
21:103  0:008  reinit: self device path=PciRoot(0x0)\Pci(0x17,0x0)\Sata(0x1,0xFFFF,0x0)\HD(1,GPT,26ABCD81-B05A-4EB2-AC6C-21212EC65A34,0x28,0x64000)
21:118  0:015  === [ ScanVolumes ] =======================================
21:514  0:396  Found 13 volumes with blockIO
21:523  0:009  - [00]: Volume: PciRoot(0x0)\Pci(0x14,0x0)\USB(0x17,0x0)
21:542  0:019          USB volume
21:551  0:008  - [01]: Volume: PciRoot(0x0)\Pci(0x14,0x0)\USB(0x17,0x0)\HD(1,GPT,2E51718B-BF36-4F60-9A74-9D20BE9C459C,0x28,0x64000)
21:570  0:018          Result of bootcode detection: bootable unknown (legacy)
21:579  0:009          USB volume
21:588  0:009  - [02]: Volume: PciRoot(0x0)\Pci(0x14,0x0)\USB(0x17,0x0)\HD(2,GPT,4E164F7C-0A53-4E25-B727-138979FF3FE2,0x64028,0x38A3AD8)
21:610  0:022          USB volume
21:619  0:009  - [03]: Volume: PciRoot(0x0)\Pci(0x17,0x0)\Sata(0x0,0xFFFF,0x0)
21:638  0:018  - [04]: Volume: PciRoot(0x0)\Pci(0x17,0x0)\Sata(0x1,0xFFFF,0x0)
21:657  0:018  - [05]: Volume: PciRoot(0x0)\Pci(0x17,0x0)\Sata(0x0,0xFFFF,0x0)\HD(1,GPT,0BD95927-23F1-43F8-AECA-450848C009AE,0x28,0x64000)
21:676  0:018          Result of bootcode detection: bootable unknown (legacy)
21:690  0:013  - [06]: Volume: PciRoot(0x0)\Pci(0x17,0x0)\Sata(0x0,0xFFFF,0x0)\HD(2,GPT,8BA4BC30-311D-4855-9D7C-F4FBF7543911,0x64800,0x74662588)
21:708  0:018  - [07]: Volume: PciRoot(0x0)\Pci(0x17,0x0)\Sata(0x1,0xFFFF,0x0)\HD(1,GPT,26ABCD81-B05A-4EB2-AC6C-21212EC65A34,0x28,0x64000)
21:727  0:018          Result of bootcode detection: bootable unknown (legacy)
21:738  0:010          This is SelfVolume !!
21:747  0:009  - [08]: Volume: PciRoot(0x0)\Pci(0x17,0x0)\Sata(0x1,0xFFFF,0x0)\HD(2,GPT,7F117338-4082-430B-B103-AFB868978D2D,0x64028,0x1D161920)
21:769  0:021          Result of bootcode detection: bootable unknown (legacy)
21:778  0:009  - [09]: Volume: PciRoot(0x0)\Pci(0x17,0x0)\Sata(0x1,0xFFFF,0x0)\HD(2,GPT,7F117338-4082-430B-B103-AFB868978D2D,0x64028,0x1D161920)\VenMedia(BE74FCF7-0B7C-49F3-9147-01F4042E6842,559A5872AA054C4499ED142E50CADF28)
21:796  0:018  - [10]: Volume: PciRoot(0x0)\Pci(0x17,0x0)\Sata(0x1,0xFFFF,0x0)\HD(2,GPT,7F117338-4082-430B-B103-AFB868978D2D,0x64028,0x1D161920)\VenMedia(BE74FCF7-0B7C-49F3-9147-01F4042E6842,2F69B79F39AC5341B842727A97A381BC)
21:818  0:021  - [11]: Volume: PciRoot(0x0)\Pci(0x17,0x0)\Sata(0x1,0xFFFF,0x0)\HD(2,GPT,7F117338-4082-430B-B103-AFB868978D2D,0x64028,0x1D161920)\VenMedia(BE74FCF7-0B7C-49F3-9147-01F4042E6842,6F2AFAE5661902418D628F7BE4122C36)
21:835  0:017  - [12]: Volume: PciRoot(0x0)\Pci(0x17,0x0)\Sata(0x1,0xFFFF,0x0)\HD(2,GPT,7F117338-4082-430B-B103-AFB868978D2D,0x64028,0x1D161920)\VenMedia(BE74FCF7-0B7C-49F3-9147-01F4042E6842,6AB6AE57446AD740A4E85F559E45DB53)
21:856  0:021  found 2 handles with audio
21:866  0:009  No AudioIoDevice stored
21:875  0:009  no stored audio parameters
21:884  0:009  theme inited
21:893  0:009  Chosen theme tonymacx86
21:902  0:009  after NVRAM boot-args=-v 
21:912  0:009  Scanning legacy ...
21:921  0:009  === [ ScanLoader ] ========================================
22:300  0:379  - [01]: 'EFI'
22:412  0:111          AddLoaderEntry for Volume Name=EFI
22:421  0:009          skipped because entry is hidden
22:433  0:011  - [02]: 'Install macOS Mojave'
22:451  0:018          AddLoaderEntry for Volume Name=Install macOS Mojave
22:560  0:108  - [05]: 'EFI'
22:700  0:140  - [06]: 'HDD'
22:812  0:112  - [07]: 'EFI'
22:957  0:144          AddLoaderEntry for Volume Name=EFI
22:966  0:009          skipped because entry is hidden
22:975  0:008  - [09]: 'Preboot'
23:010  0:035          AddLoaderEntry for Volume Name=Preboot
23:039  0:028      Check if volume Is Hibernated:
23:048  0:009      Check sleep image 'by signature':
23:062  0:014      using default sleep image name = \private\var\vm\sleepimage
23:072  0:009      sleepimage not found -> Not Found
23:081  0:008      hibernated: no - sign
23:103  0:021          AddLoaderEntry for Volume Name=Preboot
23:266  0:163  - [10]: 'Mac OS'
23:429  0:162          AddLoaderEntry for Volume Name=Mac OS
23:473  0:044      Check if volume Is Hibernated:
23:482  0:009      Check sleep image 'by signature':
23:530  0:048      read prefs \Library\Preferences\com.apple.PowerManagement.plist status=Success
23:542  0:012      using default sleep image name = \private\var\vm\sleepimage
23:564  0:021      sleepimage not found -> Not Found
23:573  0:009      hibernated: no - sign
23:757  0:184  - [11]: 'Recovery'
23:790  0:032          AddLoaderEntry for Volume Name=Recovery
23:943  0:152  - [12]: 'VM'
24:055  0:111  === [ AddCustomTool ] =====================================
24:409  0:353  found tool \EFI\CLOVER\tools\Shell64U.efi
24:418  0:009  Checking EFI partition Volume 1 for Clover
24:430  0:011   Found Clover
24:439  0:009  === [ GetEfiBootDeviceFromNvram ] =========================
24:683  0:244   - found entry 3. 'Boot macOS from Mac OS', Volume 'Mac OS', DevicePath 'PciRoot(0x0)\Pci(0x17,0x0)\Sata(0x1,0xFFFF,0x0)\HD(2,GPT,7F117338-4082-430B-B103-AFB868978D2D,0x64028,0x1D161920)\VenMedia(BE74FCF7-0B7C-49F3-9147-01F4042E6842,2F69B79F39AC5341B842727A97A381BC)\System\Library\CoreServices\boot.efii'
24:692  0:009  DefaultIndex=3 and MainMenu.EntryCount=11
26:177  1:484  BootVariable of the entry is empty
26:187  0:009  === [ StartLoader ] =======================================
26:582  0:394  Finally: ExternalClock=26MHz BusSpeed=100014kHz CPUFreq=4201MHz PIS: hw.busfrequency=104000000Hz
26:600  0:017  Loading boot.efi  status=Success
26:699  0:099  GetOSVersion: 10.14.4 (18E227)
26:717  0:018  CSR_CFG: CSR_ALLOW_UNTRUSTED_KEXTS | CSR_ALLOW_UNRESTRICTED_FS
26:726  0:009  Filtering KextPatches:
26:736  0:009   - [00]: AppleAHCIPort (External icons patch) :: BinPatch :: [OS: 10.14.4 | MatchOS: All | MatchBuild: All] ==> allowed
26:757  0:021  Will not patch boot.efi
26:766  0:009  === [ PatchSmbios ] =======================================
27:137  0:371  insert table 9 for dev 0:0
27:146  0:009  insert table 9 for dev 0:1
27:155  0:009  insert table 9 for dev 1F:6
27:165  0:009  Channels: 2
27:174  0:009  Interleave: 0 2 1 3 4 6 5 7 8 10 9 11 12 14 13 15 16 18 17 19 20 22 21 23
27:409  0:234  SMBIOS Type 17 Index = 0 => 0 0:
27:421  0:012  BANK 0 DIMM0 EMPTY
27:430  0:009  SMBIOS Type 17 Index = 1 => 2 2:
27:439  0:009  BANK 1 DIMM0 EMPTY
27:448  0:009  SMBIOS Type 17 Index = 2 => 1 1:
27:457  0:008  BANK 0 DIMM1 2667MHz 8192MB
27:466  0:008  SMBIOS Type 17 Index = 3 => 3 3:
27:475  0:009  BANK 1 DIMM1 2667MHz 8192MB
27:485  0:009  mTotalSystemMemory = 16384
27:493  0:008  NumberOfMemoryDevices = 4
27:503  0:009  Type20[0]->End = 0x7FFFFF, Type17[2] = 0x2000
27:512  0:009  Type20[1]->End = 0xFFFFFF, Type17[3] = 0x6000
27:524  0:012  Table 131 is present, CPUType=31
27:533  0:008  Change to: 705
27:542  0:009  === [ PatchACPI ] =========================================
27:933  0:390  Xsdt reallocation done
27:942  0:009  old FADT length=114
27:951  0:009   SignatureFixup: 0x5C98C032 -> 0x0
27:963  0:012  Apply DsdtFixMask=0x00000000
27:972  0:009     drop _DSM mask=0xFFFF
27:981  0:008  === [ FixBiosDsdt ] =======================================
28:352  0:370    0 replacements
28:362  0:009  PreCleanup XSDT: count=19, length=188
28:374  0:012  PreCleanup XSDT, corrected XSDT: count=19, length=188
28:383  0:009  === [ ACPIDropTables ] ====================================
28:735  0:352    0 replacements
28:744  0:008  Found OperationRegion(SANV, SystemMemory, BEB96018, ...)
28:753  0:009    0 replacements
28:762  0:009    0 replacements
28:771  0:008    0 replacements
28:783  0:011    0 replacements
28:795  0:012  Found OperationRegion(PNVS, SystemMemory, B565B000, ...)
28:804  0:008    0 replacements
28:816  0:011    0 replacements
28:825  0:008  CPUBase=0 and ApicCPUBase=1 ApicCPUNum=1
28:834  0:009  Cleanup XSDT: count=19, length=188
28:843  0:009  corrected XSDT count=19, length=188
28:855  0:012  === [ RestSetup macOS ] ===================================
29:200  0:344  ATI injection not set
29:209  0:009   RCBA disabled; cannot use it
29:218  0:009   setting specified layout-id=1 (0x1)
29:227  0:008  stringlength = 1542
29:236  0:008  CurrentMode: Width=1920 Height=1080
29:245  0:009  Beginning FSInjection
29:267  0:022  Use origin smbios table type 1 guid.
29:289  0:021  Preparing kexts injection for arch=x86_64 from EFI\CLOVER\kexts\Other
29:298  0:009  Extra kext: EFI\CLOVER\kexts\Other\FakeSMC.kext (v.1800)
29:314  0:015  Preparing kexts injection for arch=x86_64 from EFI\CLOVER\kexts\10.14
29:325  0:010  Custom boot screen not used because entry has unset use graphics
29:335  0:010  Closing log
0:100  0:100  MemLog inited, TSC freq: 4200569510
0:100  0:000  CPU was calibrated with RTC
0:100  0:000  
0:100  0:000  Now is 21.4.2019,  22:32:32 (GMT)
0:100  0:000  Starting Clover revision: 4920 on American Megatrends EFI
0:100  0:000  Build with: [Args: -mc --no-usb -D NO_GRUB_DRIVERS_EMBEDDED -t XCODE8 | -D DISABLE_USB_SUPPORT -D NO_GRUB_DRIVERS_EMBEDDED --conf=/Users/macman/src/edk2/Conf -D USE_BIOS_BLOCKIO -D USE_LOW_EBDA -a X64 -b RELEASE -t XCODE8 -n 13 | OS: 10.14.4 | XCODE: 10.2]
0:100  0:000  SelfDevicePath=PciRoot(0x0)\Pci(0x17,0x0)\Sata(0x1,0xFFFF,0x0)\HD(1,GPT,26ABCD81-B05A-4EB2-AC6C-21212EC65A34,0x28,0x64000) @BA5E17D8
0:100  0:000  SelfDirPath = \EFI\BOOT
0:104  0:003  === [ Get Smbios ] ========================================
0:104  0:000  Type 16 Index = 0
0:104  0:000  Total Memory Slots Count = 4
0:104  0:000  Type 17 Index = 0
0:104  0:000  Ignoring insane frequency value 0MHz
0:104  0:000  SmbiosTable.Type17->Speed = 0MHz
0:104  0:000  SmbiosTable.Type17->Size = 0MB
0:104  0:000  SmbiosTable.Type17->Bank/Device = BANK 0 ChannelA-DIMM0
0:104  0:000  SmbiosTable.Type17->Vendor = <null string>
0:104  0:000  SmbiosTable.Type17->SerialNumber = <null string>
0:104  0:000  SmbiosTable.Type17->PartNumber = <null string>
0:104  0:000  Type 17 Index = 1
0:104  0:000  SmbiosTable.Type17->Speed = 2667MHz
0:104  0:000  SmbiosTable.Type17->Size = 8192MB
0:104  0:000  SmbiosTable.Type17->Bank/Device = BANK 1 ChannelA-DIMM1
0:104  0:000  SmbiosTable.Type17->Vendor = 859B
0:104  0:000  SmbiosTable.Type17->SerialNumber = E63571CC
0:104  0:000  SmbiosTable.Type17->PartNumber = BLS8G4D26BFSB.16FBD2
0:104  0:000  Type 17 Index = 2
0:104  0:000  Ignoring insane frequency value 0MHz
0:104  0:000  SmbiosTable.Type17->Speed = 0MHz
0:104  0:000  SmbiosTable.Type17->Size = 0MB
0:104  0:000  SmbiosTable.Type17->Bank/Device = BANK 2 ChannelB-DIMM0
0:104  0:000  SmbiosTable.Type17->Vendor = <null string>
0:104  0:000  SmbiosTable.Type17->SerialNumber = <null string>
0:104  0:000  SmbiosTable.Type17->PartNumber = <null string>
0:104  0:000  Type 17 Index = 3
0:104  0:000  SmbiosTable.Type17->Speed = 2667MHz
0:104  0:000  SmbiosTable.Type17->Size = 8192MB
0:104  0:000  SmbiosTable.Type17->Bank/Device = BANK 3 ChannelB-DIMM1
0:104  0:000  SmbiosTable.Type17->Vendor = 859B
0:104  0:000  SmbiosTable.Type17->SerialNumber = E63571D0
0:104  0:000  SmbiosTable.Type17->PartNumber = BLS8G4D26BFSB.16FBD2
0:104  0:000  Boot status=0
0:104  0:000  Running on: 'Z270X-UD3' with board 'Z270X-UD3-CF'
0:104  0:000  === [ GetCPUProperties ] ==================================
0:104  0:000  CPU Vendor = 756E6547 Model=906E9
0:104  0:000   The CPU supported SSE4.1
0:104  0:000  BrandString = Intel(R) Core(TM) i7-7700K CPU @ 4.20GHz
0:104  0:000   The CPU supported turbo
0:104  0:000  MSR 0x35               40008
0:104  0:000   TSC/CCC Information Leaf:
0:104  0:000    numerator     : 350
0:104  0:000    denominator   : 2
0:104  0:000   Calibrated ARTFrequency: 24003254
0:104  0:000  MSR 0xE2 before patch 00008000
0:104  0:000  MSR 0xE2 is locked, PM patches will be turned on
0:104  0:000  MSR 0xCE              00080838_F1012A00
0:104  0:000  corrected FLEX_RATIO = E0000
0:104  0:000  FSBFrequency = 108 MHz, DMI FSBFrequency = 100 MHz, Corrected FSBFrequency = 100 MHz
0:104  0:000  MaxDiv/MinDiv: 42.0/8
0:104  0:000  Turbo: 45/45/45/45
0:104  0:000  Features: 0xBFEBFBFF
0:104  0:000  Threads: 8
0:104  0:000  Cores: 4
0:104  0:000  FSB: 100 MHz
0:104  0:000  CPU: 4500 MHz
0:104  0:000  TSC: 4500 MHz
0:104  0:000  PIS: 100 MHz
0:104  0:000  ExternalClock: 25 MHz
0:104  0:000  === [ GetDevices ] ========================================
0:104  0:000  PCI (00|00:00.00) : 8086 591F class=060000
0:104  0:000  PCI (00|00:01.00) : 8086 1901 class=060400
0:104  0:000  PCI (00|01:00.00) : 1002 67FF class=030000
0:104  0:000   - GFX: Model=AMD Radeon RX 560 (ATI/AMD)
0:104  0:000  PCI (00|01:00.01) : 1002 AAE0 class=040300
0:104  0:000   - HDMI Audio: 
0:104  0:000  PCI (00|00:08.00) : 8086 1911 class=088000
0:104  0:000  PCI (00|00:14.00) : 8086 A2AF class=0C0330
0:104  0:000  PCI (00|00:16.00) : 8086 A2BA class=078000
0:104  0:000  PCI (00|00:17.00) : 8086 A282 class=010601
0:104  0:000  PCI (00|00:1B.00) : 8086 A2E7 class=060400
0:104  0:000  PCI (00|00:1B.02) : 8086 A2E9 class=060400
0:104  0:000  PCI (00|00:1B.03) : 8086 A2EA class=060400
0:104  0:000  PCI (00|00:1B.04) : 8086 A2EB class=060400
0:104  0:000  PCI (00|00:1C.00) : 8086 A290 class=060400
0:104  0:000  PCI (00|00:1C.04) : 8086 A294 class=060400
0:104  0:000  PCI (00|07:00.00) : 1B21 2142 class=0C0330
0:104  0:000  PCI (00|00:1C.06) : 8086 A296 class=060400
0:104  0:000  PCI (00|00:1D.00) : 8086 A298 class=060400
0:104  0:000  PCI (00|00:1F.00) : 8086 A2C5 class=060100
0:104  0:000  PCI (00|00:1F.02) : 8086 A2A1 class=058000
0:104  0:000  PCI (00|00:1F.03) : 8086 A2F0 class=040300
0:104  0:000  PCI (00|00:1F.04) : 8086 A2A3 class=0C0500
0:104  0:000  PCI (00|00:1F.06) : 8086 15B8 class=020000
0:104  0:000   - LAN: 0 Vendor=Intel
0:104  0:000  === [ GetDefaultSettings ] ================================
0:105  0:000  Clover load options size = 0 bytes
0:113  0:008  EFI\CLOVER\config.plist loaded: Success
0:113  0:000  === [ GetListOfThemes ] ===================================
0:115  0:001  - [00]: tonymacx86
0:118  0:003  - [01]: random
0:121  0:002  - [01]: embedded
0:125  0:004  === [ Found config plists ] ===============================
0:127  0:001  - config.plist
0:127  0:000  === [ GetEarlyUserSettings ] ==============================
0:127  0:000  timeout set to 3
0:127  0:000  Custom boot CUSTOM_BOOT_DISABLED (0x0)
0:145  0:017  KextsToPatch: 1 requested
0:154  0:009   - [00]: AppleAHCIPort (External icons patch) :: BinPatch :: data len: 8
0:190  0:036  Default theme: tonymacx86
0:200  0:009  Hiding entries with string Windows
0:209  0:009  Hiding entries with string BOOTX64.EFI
0:218  0:009  === [ LoadDrivers ] =======================================
0:596  0:377  Loading PartitionDxe-64.efi  status=Success
0:629  0:033   - driver needs connecting
0:638  0:009  Loading DataHubDxe-64.efi  status=Success
0:674  0:035  Loading VBoxHfs-64.efi  status=Success
0:707  0:033   - driver needs connecting
0:716  0:009  Loading FSInject-64.efi  status=Success
0:748  0:031  Loading ApfsDriverLoader-64.efi  status=Success
0:779  0:031   - driver needs connecting
0:788  0:008  Loading SMCHelper-64.efi  status=Success
0:820  0:031  Loading AptioMemoryFix-64.efi  status=Success
0:852  0:032  Loading AudioDxe-64.efi  status=Success
0:884  0:031   - driver needs connecting
0:898  0:014  4 drivers needs connecting ...
0:907  0:009  PlatformDriverOverrideProtocol->GetDriver overriden
0:917  0:009  Partition driver loaded: 
0:935  0:018  APFS driver loaded
0:944  0:009  Searching for invalid DiskIo BY_DRIVER connects: not found, all ok
6:131  5:186  === [ InitScreen ] ========================================
6:536  0:405  Console modes reported: 6, available modes:
6:545  0:009   - [01]: 80x25 (current mode)
6:554  0:009   - [02]: 80x50
6:564  0:009   - [03]: 100x31
6:577  0:013   - [04]: 127x33
6:586  0:009   - [06]: 120x50
6:595  0:009  SetScreenResolution: 1920x1080 - setting Mode 4
6:639  0:044  Video mode change to mode #4: Success
6:649  0:009  reinit: self device path=PciRoot(0x0)\Pci(0x17,0x0)\Sata(0x1,0xFFFF,0x0)\HD(1,GPT,26ABCD81-B05A-4EB2-AC6C-21212EC65A34,0x28,0x64000)
6:660  0:011  Using embedded font: Success
6:671  0:010  === [ GetMacAddress ] =====================================
7:027  0:356  === [ ScanSPD ] ===========================================
7:443  0:415  Scanning SMBus [8086:A2A3], mmio: 0xEFF4A004, ioport: 0xF000, hostc: 0x11
7:471  0:028  Slot: 1 Type 26 8192MB 2666MHz Vendor=Crucial Technology PartNo=BLS8G4D26BFSB.16FBD2 SerialNo=0E06030507010C0C
7:499  0:027  Slot: 3 Type 26 8192MB 2666MHz Vendor=Crucial Technology PartNo=BLS8G4D26BFSB.16FBD2 SerialNo=0E06030507010D00
7:509  0:009  === [ GetAcpiTablesList ] =================================
7:829  0:320  Get Acpi Tables List from RSDT:
7:847  0:017   - [00]: FACP  A M I  len=132
7:859  0:011   - [01]: APIC  A M I  len=188
7:868  0:009   - [02]: FPDT  A M I  len=68
7:877  0:009   - [03]: MCFG  A M I  len=60
7:886  0:008   - [04]: FIDT  A M I len=156
7:895  0:009   - [05]: SSDT  SaSsdt  len=12628
7:905  0:009   - [06]: SSDT  PegSsdt len=9540
7:914  0:009   - [07]: HPET  KBL len=56
7:923  0:008   - [08]: SSDT  Ther_Rvp len=3643
7:932  0:009   - [09]: SSDT  xh_rvp10 len=2303
7:941  0:009   - [10]: UEFI  EDK2     len=66
7:950  0:009   - [11]: SSDT  CpuSsdt len=3806
7:959  0:009   - [12]: LPIT  KBL len=148
7:972  0:012   - [13]: WSMT  KBL len=40
7:981  0:009   - [14]: SSDT  sensrhub len=671
7:990  0:009   - [15]: SSDT  PtidDevc len=12290
7:999  0:009   - [16]: DBGP   len=52
8:008  0:009   - [17]: DBG2   len=84
8:018  0:009   - [18]: BGRT  A M I  len=56
8:027  0:009  Calibrated TSC Frequency = 4200569510 = 4200MHz
8:036  0:009  === [ GetUserSettings ] ===================================
8:374  0:337  USB FixOwnership: yes
8:383  0:009  Dropping 1 tables:
8:392  0:009   - [00]: Drop table  signature="MATS" (5354414D)
8:470  0:078           - set table: 5354414D,                0 to drop: no
8:488  0:018   - final DSDT Fix mask=00000000
8:498  0:009  Using ProductName from config: iMac18,3
8:506  0:008  Found same BiosVersion in clover and config
8:516  0:009  BiosVersion: IM183.88Z.F000.B00.1902181222
8:525  0:009  BiosReleaseDate: 02/18/2019
8:534  0:009  Using EfiVersion from clover: 170.0.0.0.0
8:543  0:009  Using FirmwareFeatures from clover: 0xFC0FE137
8:555  0:012  Using FirmwareFeaturesMask from clover: 0xFF1FFF3F
8:567  0:012  Using PlatformFeature from clover: 0x0
8:582  0:014  === [ Found DSDT tables ] =================================
8:936  0:354  === [ ScanVolumes ] =======================================
9:312  0:375  Found 10 volumes with blockIO
9:321  0:008  - [00]: Volume: PciRoot(0x0)\Pci(0x17,0x0)\Sata(0x0,0xFFFF,0x0)
9:340  0:018  - [01]: Volume: PciRoot(0x0)\Pci(0x17,0x0)\Sata(0x1,0xFFFF,0x0)
9:359  0:018  - [02]: Volume: PciRoot(0x0)\Pci(0x17,0x0)\Sata(0x0,0xFFFF,0x0)\HD(1,GPT,0BD95927-23F1-43F8-AECA-450848C009AE,0x28,0x64000)
9:381  0:022          Result of bootcode detection: bootable unknown (legacy)
9:392  0:010  - [03]: Volume: PciRoot(0x0)\Pci(0x17,0x0)\Sata(0x0,0xFFFF,0x0)\HD(2,GPT,8BA4BC30-311D-4855-9D7C-F4FBF7543911,0x64800,0x74662588)
9:410  0:018  - [04]: Volume: PciRoot(0x0)\Pci(0x17,0x0)\Sata(0x1,0xFFFF,0x0)\HD(1,GPT,26ABCD81-B05A-4EB2-AC6C-21212EC65A34,0x28,0x64000)
9:429  0:018          Result of bootcode detection: bootable unknown (legacy)
9:443  0:013          This is SelfVolume !!
9:452  0:009  - [05]: Volume: PciRoot(0x0)\Pci(0x17,0x0)\Sata(0x1,0xFFFF,0x0)\HD(2,GPT,7F117338-4082-430B-B103-AFB868978D2D,0x64028,0x1D161920)
9:471  0:018          Result of bootcode detection: bootable unknown (legacy)
9:480  0:009  - [06]: Volume: PciRoot(0x0)\Pci(0x17,0x0)\Sata(0x1,0xFFFF,0x0)\HD(2,GPT,7F117338-4082-430B-B103-AFB868978D2D,0x64028,0x1D161920)\VenMedia(BE74FCF7-0B7C-49F3-9147-01F4042E6842,559A5872AA054C4499ED142E50CADF28)
9:501  0:021  - [07]: Volume: PciRoot(0x0)\Pci(0x17,0x0)\Sata(0x1,0xFFFF,0x0)\HD(2,GPT,7F117338-4082-430B-B103-AFB868978D2D,0x64028,0x1D161920)\VenMedia(BE74FCF7-0B7C-49F3-9147-01F4042E6842,2F69B79F39AC5341B842727A97A381BC)
9:520  0:018  - [08]: Volume: PciRoot(0x0)\Pci(0x17,0x0)\Sata(0x1,0xFFFF,0x0)\HD(2,GPT,7F117338-4082-430B-B103-AFB868978D2D,0x64028,0x1D161920)\VenMedia(BE74FCF7-0B7C-49F3-9147-01F4042E6842,6F2AFAE5661902418D628F7BE4122C36)
9:538  0:018  - [09]: Volume: PciRoot(0x0)\Pci(0x17,0x0)\Sata(0x1,0xFFFF,0x0)\HD(2,GPT,7F117338-4082-430B-B103-AFB868978D2D,0x64028,0x1D161920)\VenMedia(BE74FCF7-0B7C-49F3-9147-01F4042E6842,6AB6AE57446AD740A4E85F559E45DB53)
9:559  0:021  found 2 handles with audio
9:568  0:009  No AudioIoDevice stored
9:577  0:009  no stored audio parameters
9:587  0:009  === [ InitTheme ] =========================================
9:980  0:393  use night theme
9:994  0:013  Using theme 'tonymacx86' (EFI\CLOVER\themes\tonymacx86)
10:003  0:009  file sound read: sound_night.wav Not Found
10:016  0:012  file sound read: sound.wav Not Found
10:026  0:009  Loading font from ThemeDir: Error
10:036  0:010  theme inited
10:045  0:008  Chosen theme tonymacx86
10:055  0:009  after NVRAM boot-args=dart=0
10:064  0:009  Scanning legacy ...
10:073  0:009  === [ Dump SMC keys from NVRAM ] ==========================
10:330  0:256  found AppleSMC protocol
10:394  0:064  Registered 16 SMC keys
10:405  0:010  === [ ScanLoader ] ========================================
10:788  0:383  - [02]: 'EFI'
10:940  0:151  - [03]: 'HDD'
11:069  0:128  - [04]: 'EFI'
11:217  0:148          AddLoaderEntry for Volume Name=EFI
11:226  0:009          skipped because entry is hidden
11:235  0:009  - [06]: 'Preboot'
11:275  0:040          AddLoaderEntry for Volume Name=Preboot
11:305  0:029      Check if volume Is Hibernated:
11:314  0:009      Check sleep image 'by signature':
11:325  0:011      using default sleep image name = \private\var\vm\sleepimage
11:335  0:009      sleepimage not found -> Not Found
11:347  0:012      hibernated: no - sign
11:374  0:026          AddLoaderEntry for Volume Name=Preboot
11:538  0:163  - [07]: 'Mac OS'
11:741  0:202          AddLoaderEntry for Volume Name=Mac OS
11:796  0:055      Check if volume Is Hibernated:
11:808  0:012      Check sleep image 'by signature':
11:872  0:064      read prefs \Library\Preferences\com.apple.PowerManagement.plist status=Success
11:881  0:009      using default sleep image name = \private\var\vm\sleepimage
11:913  0:031      sleepimage not found -> Not Found
11:928  0:015      hibernated: no - sign
12:114  0:185  - [08]: 'Recovery'
12:147  0:033          AddLoaderEntry for Volume Name=Recovery
12:305  0:158  - [09]: 'VM'
12:418  0:113  === [ AddCustomTool ] =====================================
12:790  0:372  found tool \EFI\CLOVER\tools\Shell64U.efi
12:800  0:009  Checking EFI partition Volume 2 for Clover
12:812  0:012  Checking EFI partition Volume 4 for Clover
12:825  0:012   Found Clover
12:847  0:022  === [ GetEfiBootDeviceFromNvram ] =========================
13:097  0:249   - found entry 2. 'Boot macOS from Mac OS', Volume 'Mac OS', DevicePath 'PciRoot(0x0)\Pci(0x17,0x0)\Sata(0x1,0xFFFF,0x0)\HD(2,GPT,7F117338-4082-430B-B103-AFB868978D2D,0x64028,0x1D161920)\VenMedia(BE74FCF7-0B7C-49F3-9147-01F4042E6842,2F69B79F39AC5341B842727A97A381BC)\System\Library\CoreServices\boot.efii'
13:106  0:009  DefaultIndex=2 and MainMenu.EntryCount=10
13:231  0:124  GUI ready
17:304  4:072  === [ StartLoader ] =======================================
17:709  0:405  Finally: ExternalClock=26MHz BusSpeed=100014kHz CPUFreq=4201MHz PIS: hw.busfrequency=104000000Hz
17:730  0:020  Loading boot.efi  status=Success
17:829  0:099  GetOSVersion: 10.14.4 (18E227)
17:847  0:018  CSR_CFG: CSR_ALLOW_UNTRUSTED_KEXTS | CSR_ALLOW_UNRESTRICTED_FS
17:856  0:009  Filtering KextPatches:
17:865  0:008   - [00]: AppleAHCIPort (External icons patch) :: BinPatch :: [OS: 10.14.4 | MatchOS: All | MatchBuild: All] ==> allowed
17:884  0:018  Will not patch boot.efi
17:896  0:011  === [ PatchSmbios ] =======================================
18:285  0:389  insert table 9 for dev 0:0
18:294  0:009  insert table 9 for dev 0:1
18:303  0:009  insert table 9 for dev 1F:6
18:313  0:009  Channels: 2
18:322  0:009  Interleave: 0 2 1 3 4 6 5 7 8 10 9 11 12 14 13 15 16 18 17 19 20 22 21 23
18:579  0:256  SMBIOS Type 17 Index = 0 => 0 0:
18:588  0:009  BANK 0 DIMM0 EMPTY
18:597  0:008  SMBIOS Type 17 Index = 1 => 2 2:
18:606  0:009  BANK 1 DIMM0 EMPTY
18:618  0:011  SMBIOS Type 17 Index = 2 => 1 1:
18:627  0:009  BANK 0 DIMM1 2667MHz 8192MB
18:636  0:008  SMBIOS Type 17 Index = 3 => 3 3:
18:645  0:009  BANK 1 DIMM1 2667MHz 8192MB
18:654  0:008  mTotalSystemMemory = 16384
18:663  0:009  NumberOfMemoryDevices = 4
18:672  0:009  Type20[0]->End = 0x7FFFFF, Type17[2] = 0x2000
18:681  0:009  Type20[1]->End = 0xFFFFFF, Type17[3] = 0x6000
18:690  0:009  Table 131 is present, CPUType=31
18:700  0:009  Change to: 705
18:709  0:009  === [ PatchACPI ] =========================================
19:120  0:410  Xsdt reallocation done
19:131  0:011  old FADT length=114
19:140  0:008   SignatureFixup: 0x5C98C032 -> 0x0
19:153  0:012  Apply DsdtFixMask=0x00000000
19:162  0:009     drop _DSM mask=0xFFFF
19:173  0:011  === [ FixBiosDsdt ] =======================================
19:553  0:379    0 replacements
19:563  0:009  PreCleanup XSDT: count=19, length=188
19:572  0:009  PreCleanup XSDT, corrected XSDT: count=19, length=188
19:581  0:009  === [ ACPIDropTables ] ====================================
19:930  0:349    0 replacements
19:939  0:009  Found OperationRegion(SANV, SystemMemory, BEB96018, ...)
19:948  0:009    0 replacements
19:958  0:009    0 replacements
19:967  0:009    0 replacements
19:976  0:009    0 replacements
19:985  0:009  Found OperationRegion(PNVS, SystemMemory, B565B000, ...)
19:994  0:009    0 replacements
20:004  0:009    0 replacements
20:013  0:009  CPUBase=0 and ApicCPUBase=1 ApicCPUNum=1
20:022  0:009  Cleanup XSDT: count=19, length=188
20:034  0:011  corrected XSDT count=19, length=188
20:043  0:009  === [ RestSetup macOS ] ===================================
20:381  0:338  ATI injection not set
20:390  0:009   RCBA disabled; cannot use it
20:399  0:009   setting specified layout-id=1 (0x1)
20:409  0:009  stringlength = 1542
20:418  0:009  CurrentMode: Width=1920 Height=1080
20:427  0:009  Beginning FSInjection
20:445  0:018  Use origin smbios table type 1 guid.
20:467  0:021  Preparing kexts injection for arch=x86_64 from EFI\CLOVER\kexts\Other
20:479  0:011  Extra kext: EFI\CLOVER\kexts\Other\FakeSMC.kext (v.1800)
20:495  0:016  Preparing kexts injection for arch=x86_64 from EFI\CLOVER\kexts\10.14
20:505  0:010  SetScreenResolution: 1920x1080 - already set
20:523  0:017  Custom boot is disabled
20:534  0:010  Closing log
0:100  0:100  MemLog inited, TSC freq: 4200558720
0:100  0:000  CPU was calibrated with RTC
0:100  0:000  
0:100  0:000  Now is 22.4.2019,  5:23:22 (GMT)
0:100  0:000  Starting Clover revision: 4920 on American Megatrends EFI
0:100  0:000  Build with: [Args: -mc --no-usb -D NO_GRUB_DRIVERS_EMBEDDED -t XCODE8 | -D DISABLE_USB_SUPPORT -D NO_GRUB_DRIVERS_EMBEDDED --conf=/Users/macman/src/edk2/Conf -D USE_BIOS_BLOCKIO -D USE_LOW_EBDA -a X64 -b RELEASE -t XCODE8 -n 13 | OS: 10.14.4 | XCODE: 10.2]
0:100  0:000  SelfDevicePath=PciRoot(0x0)\Pci(0x17,0x0)\Sata(0x1,0xFFFF,0x0)\HD(1,GPT,26ABCD81-B05A-4EB2-AC6C-21212EC65A34,0x28,0x64000) @BA5E17D8
0:100  0:000  SelfDirPath = \EFI\BOOT
0:104  0:004  === [ Get Smbios ] ========================================
0:104  0:000  Type 16 Index = 0
0:104  0:000  Total Memory Slots Count = 4
0:104  0:000  Type 17 Index = 0
0:104  0:000  Ignoring insane frequency value 0MHz
0:104  0:000  SmbiosTable.Type17->Speed = 0MHz
0:104  0:000  SmbiosTable.Type17->Size = 0MB
0:104  0:000  SmbiosTable.Type17->Bank/Device = BANK 0 ChannelA-DIMM0
0:104  0:000  SmbiosTable.Type17->Vendor = <null string>
0:104  0:000  SmbiosTable.Type17->SerialNumber = <null string>
0:104  0:000  SmbiosTable.Type17->PartNumber = <null string>
0:104  0:000  Type 17 Index = 1
0:104  0:000  SmbiosTable.Type17->Speed = 2667MHz
0:104  0:000  SmbiosTable.Type17->Size = 8192MB
0:104  0:000  SmbiosTable.Type17->Bank/Device = BANK 1 ChannelA-DIMM1
0:104  0:000  SmbiosTable.Type17->Vendor = 859B
0:104  0:000  SmbiosTable.Type17->SerialNumber = E63571CC
0:104  0:000  SmbiosTable.Type17->PartNumber = BLS8G4D26BFSB.16FBD2
0:104  0:000  Type 17 Index = 2
0:104  0:000  Ignoring insane frequency value 0MHz
0:104  0:000  SmbiosTable.Type17->Speed = 0MHz
0:104  0:000  SmbiosTable.Type17->Size = 0MB
0:104  0:000  SmbiosTable.Type17->Bank/Device = BANK 2 ChannelB-DIMM0
0:104  0:000  SmbiosTable.Type17->Vendor = <null string>
0:104  0:000  SmbiosTable.Type17->SerialNumber = <null string>
0:104  0:000  SmbiosTable.Type17->PartNumber = <null string>
0:104  0:000  Type 17 Index = 3
0:104  0:000  SmbiosTable.Type17->Speed = 2667MHz
0:104  0:000  SmbiosTable.Type17->Size = 8192MB
0:104  0:000  SmbiosTable.Type17->Bank/Device = BANK 3 ChannelB-DIMM1
0:104  0:000  SmbiosTable.Type17->Vendor = 859B
0:104  0:000  SmbiosTable.Type17->SerialNumber = E63571D0
0:104  0:000  SmbiosTable.Type17->PartNumber = BLS8G4D26BFSB.16FBD2
0:104  0:000  Boot status=0
0:104  0:000  Running on: 'Z270X-UD3' with board 'Z270X-UD3-CF'
0:104  0:000  === [ GetCPUProperties ] ==================================
0:104  0:000  CPU Vendor = 756E6547 Model=906E9
0:104  0:000   The CPU supported SSE4.1
0:104  0:000  BrandString = Intel(R) Core(TM) i7-7700K CPU @ 4.20GHz
0:104  0:000   The CPU supported turbo
0:104  0:000  MSR 0x35               40008
0:104  0:000   TSC/CCC Information Leaf:
0:104  0:000    numerator     : 350
0:104  0:000    denominator   : 2
0:104  0:000   Calibrated ARTFrequency: 24003192
0:104  0:000  MSR 0xE2 before patch 00008000
0:104  0:000  MSR 0xE2 is locked, PM patches will be turned on
0:104  0:000  MSR 0xCE              00080838_F1012A00
0:104  0:000  corrected FLEX_RATIO = E0000
0:104  0:000  FSBFrequency = 108 MHz, DMI FSBFrequency = 100 MHz, Corrected FSBFrequency = 100 MHz
0:104  0:000  MaxDiv/MinDiv: 42.0/8
0:104  0:000  Turbo: 45/45/45/45
0:104  0:000  Features: 0xBFEBFBFF
0:104  0:000  Threads: 8
0:104  0:000  Cores: 4
0:104  0:000  FSB: 100 MHz
0:104  0:000  CPU: 4500 MHz
0:104  0:000  TSC: 4500 MHz
0:104  0:000  PIS: 100 MHz
0:104  0:000  ExternalClock: 25 MHz
0:104  0:000  === [ GetDevices ] ========================================
0:104  0:000  PCI (00|00:00.00) : 8086 591F class=060000
0:104  0:000  PCI (00|00:01.00) : 8086 1901 class=060400
0:104  0:000  PCI (00|01:00.00) : 1002 67FF class=030000
0:104  0:000   - GFX: Model=AMD Radeon RX 560 (ATI/AMD)
0:104  0:000  PCI (00|01:00.01) : 1002 AAE0 class=040300
0:104  0:000   - HDMI Audio: 
0:104  0:000  PCI (00|00:08.00) : 8086 1911 class=088000
0:104  0:000  PCI (00|00:14.00) : 8086 A2AF class=0C0330
0:104  0:000  PCI (00|00:16.00) : 8086 A2BA class=078000
0:104  0:000  PCI (00|00:17.00) : 8086 A282 class=010601
0:104  0:000  PCI (00|00:1B.00) : 8086 A2E7 class=060400
0:104  0:000  PCI (00|00:1B.02) : 8086 A2E9 class=060400
0:104  0:000  PCI (00|00:1B.03) : 8086 A2EA class=060400
0:104  0:000  PCI (00|00:1B.04) : 8086 A2EB class=060400
0:104  0:000  PCI (00|00:1C.00) : 8086 A290 class=060400
0:104  0:000  PCI (00|00:1C.04) : 8086 A294 class=060400
0:104  0:000  PCI (00|07:00.00) : 1B21 2142 class=0C0330
0:104  0:000  PCI (00|00:1C.06) : 8086 A296 class=060400
0:104  0:000  PCI (00|00:1D.00) : 8086 A298 class=060400
0:104  0:000  PCI (00|00:1F.00) : 8086 A2C5 class=060100
0:104  0:000  PCI (00|00:1F.02) : 8086 A2A1 class=058000
0:104  0:000  PCI (00|00:1F.03) : 8086 A2F0 class=040300
0:104  0:000  PCI (00|00:1F.04) : 8086 A2A3 class=0C0500
0:105  0:000  PCI (00|00:1F.06) : 8086 15B8 class=020000
0:105  0:000   - LAN: 0 Vendor=Intel
0:105  0:000  === [ GetDefaultSettings ] ================================
0:105  0:000  Clover load options size = 0 bytes
0:114  0:008  EFI\CLOVER\config.plist loaded: Success
0:114  0:000  === [ GetListOfThemes ] ===================================
0:115  0:001  - [00]: tonymacx86
0:118  0:003  - [01]: random
0:121  0:003  - [01]: embedded
0:126  0:004  === [ Found config plists ] ===============================
0:127  0:001  - config.plist
0:128  0:000  === [ GetEarlyUserSettings ] ==============================
0:128  0:000  timeout set to 3
0:128  0:000  Custom boot CUSTOM_BOOT_DISABLED (0x0)
0:147  0:018  KextsToPatch: 1 requested
0:156  0:009   - [00]: AppleAHCIPort (External icons patch) :: BinPatch :: data len: 8
0:196  0:039  Default theme: tonymacx86
0:205  0:009  Hiding entries with string Windows
0:214  0:009  Hiding entries with string BOOTX64.EFI
0:223  0:009  === [ LoadDrivers ] =======================================
0:611  0:387  Loading PartitionDxe-64.efi  status=Success
0:648  0:036   - driver needs connecting
0:657  0:009  Loading DataHubDxe-64.efi  status=Success
0:693  0:035  Loading VBoxHfs-64.efi  status=Success
0:728  0:034   - driver needs connecting
0:740  0:012  Loading FSInject-64.efi  status=Success
0:772  0:032  Loading ApfsDriverLoader-64.efi  status=Success
0:807  0:035   - driver needs connecting
0:816  0:009  Loading SMCHelper-64.efi  status=Success
0:851  0:034  Loading AptioMemoryFix-64.efi  status=Success
0:884  0:032  Loading AudioDxe-64.efi  status=Success
0:916  0:031   - driver needs connecting
0:925  0:009  4 drivers needs connecting ...
0:934  0:009  PlatformDriverOverrideProtocol->GetDriver overriden
0:950  0:015  Partition driver loaded: 
0:968  0:018  APFS driver loaded
0:980  0:011  Searching for invalid DiskIo BY_DRIVER connects: not found, all ok
6:166  5:186  === [ InitScreen ] ========================================
6:590  0:423  Console modes reported: 6, available modes:
6:601  0:011   - [01]: 80x25 (current mode)
6:610  0:009   - [02]: 80x50
6:619  0:009   - [03]: 100x31
6:630  0:010   - [04]: 127x33
6:641  0:011   - [06]: 120x50
6:650  0:008  SetScreenResolution: 1920x1080 - setting Mode 4
6:699  0:048  Video mode change to mode #4: Success
6:709  0:010  reinit: self device path=PciRoot(0x0)\Pci(0x17,0x0)\Sata(0x1,0xFFFF,0x0)\HD(1,GPT,26ABCD81-B05A-4EB2-AC6C-21212EC65A34,0x28,0x64000)
6:722  0:013  Using embedded font: Success
6:733  0:010  === [ GetMacAddress ] =====================================
7:117  0:384  === [ ScanSPD ] ===========================================
7:556  0:439  Scanning SMBus [8086:A2A3], mmio: 0xEFF4A004, ioport: 0xF000, hostc: 0x11
7:585  0:028  Slot: 1 Type 26 8192MB 2666MHz Vendor=Crucial Technology PartNo=BLS8G4D26BFSB.16FBD2 SerialNo=0E06030507010C0C
7:616  0:030  Slot: 3 Type 26 8192MB 2666MHz Vendor=Crucial Technology PartNo=BLS8G4D26BFSB.16FBD2 SerialNo=0E06030507010D00
7:626  0:009  === [ GetAcpiTablesList ] =================================
7:961  0:335  Get Acpi Tables List from RSDT:
7:980  0:018   - [00]: FACP  A M I  len=132
7:989  0:009   - [01]: APIC  A M I  len=188
7:998  0:009   - [02]: FPDT  A M I  len=68
8:007  0:009   - [03]: MCFG  A M I  len=60
8:020  0:012   - [04]: FIDT  A M I len=156
8:029  0:009   - [05]: SSDT  SaSsdt  len=12628
8:038  0:009   - [06]: SSDT  PegSsdt len=9540
8:047  0:009   - [07]: HPET  KBL len=56
8:056  0:009   - [08]: SSDT  Ther_Rvp len=3643
8:065  0:009   - [09]: SSDT  xh_rvp10 len=2303
8:075  0:009   - [10]: UEFI  EDK2     len=66
8:084  0:009   - [11]: SSDT  CpuSsdt len=3806
8:093  0:009   - [12]: LPIT  KBL len=148
8:102  0:009   - [13]: WSMT  KBL len=40
8:112  0:009   - [14]: SSDT  sensrhub len=671
8:124  0:012   - [15]: SSDT  PtidDevc len=12290
8:133  0:009   - [16]: DBGP   len=52
8:142  0:009   - [17]: DBG2   len=84
8:151  0:009   - [18]: BGRT  A M I  len=56
8:164  0:012  Calibrated TSC Frequency = 4200558720 = 4200MHz
8:173  0:009  === [ GetUserSettings ] ===================================
8:527  0:354  USB FixOwnership: yes
8:536  0:009  Dropping 1 tables:
8:545  0:009   - [00]: Drop table  signature="MATS" (5354414D)
8:618  0:072           - set table: 5354414D,                0 to drop: no
8:643  0:024   - final DSDT Fix mask=00000000
8:652  0:009  Using ProductName from config: iMac18,3
8:661  0:009  Found same BiosVersion in clover and config
8:670  0:009  BiosVersion: IM183.88Z.F000.B00.1902181222
8:679  0:009  BiosReleaseDate: 02/18/2019
8:688  0:009  Using EfiVersion from clover: 170.0.0.0.0
8:698  0:009  Using FirmwareFeatures from clover: 0xFC0FE137
8:707  0:009  Using FirmwareFeaturesMask from clover: 0xFF1FFF3F
8:716  0:009  Using PlatformFeature from clover: 0x0
8:731  0:014  === [ Found DSDT tables ] =================================
9:070  0:339  === [ ScanVolumes ] =======================================
9:457  0:386  Found 10 volumes with blockIO
9:466  0:009  - [00]: Volume: PciRoot(0x0)\Pci(0x17,0x0)\Sata(0x0,0xFFFF,0x0)
9:485  0:018  - [01]: Volume: PciRoot(0x0)\Pci(0x17,0x0)\Sata(0x1,0xFFFF,0x0)
9:504  0:018  - [02]: Volume: PciRoot(0x0)\Pci(0x17,0x0)\Sata(0x0,0xFFFF,0x0)\HD(1,GPT,0BD95927-23F1-43F8-AECA-450848C009AE,0x28,0x64000)
9:526  0:022          Result of bootcode detection: bootable unknown (legacy)
9:537  0:011  - [03]: Volume: PciRoot(0x0)\Pci(0x17,0x0)\Sata(0x0,0xFFFF,0x0)\HD(2,GPT,8BA4BC30-311D-4855-9D7C-F4FBF7543911,0x64800,0x74662588)
9:556  0:018  - [04]: Volume: PciRoot(0x0)\Pci(0x17,0x0)\Sata(0x1,0xFFFF,0x0)\HD(1,GPT,26ABCD81-B05A-4EB2-AC6C-21212EC65A34,0x28,0x64000)
9:575  0:018          Result of bootcode detection: bootable unknown (legacy)
9:586  0:010          This is SelfVolume !!
9:595  0:009  - [05]: Volume: PciRoot(0x0)\Pci(0x17,0x0)\Sata(0x1,0xFFFF,0x0)\HD(2,GPT,7F117338-4082-430B-B103-AFB868978D2D,0x64028,0x1D161920)
9:617  0:021          Result of bootcode detection: bootable unknown (legacy)
9:626  0:009  - [06]: Volume: PciRoot(0x0)\Pci(0x17,0x0)\Sata(0x1,0xFFFF,0x0)\HD(2,GPT,7F117338-4082-430B-B103-AFB868978D2D,0x64028,0x1D161920)\VenMedia(BE74FCF7-0B7C-49F3-9147-01F4042E6842,559A5872AA054C4499ED142E50CADF28)
9:644  0:018  - [07]: Volume: PciRoot(0x0)\Pci(0x17,0x0)\Sata(0x1,0xFFFF,0x0)\HD(2,GPT,7F117338-4082-430B-B103-AFB868978D2D,0x64028,0x1D161920)\VenMedia(BE74FCF7-0B7C-49F3-9147-01F4042E6842,2F69B79F39AC5341B842727A97A381BC)
9:665  0:021  - [08]: Volume: PciRoot(0x0)\Pci(0x17,0x0)\Sata(0x1,0xFFFF,0x0)\HD(2,GPT,7F117338-4082-430B-B103-AFB868978D2D,0x64028,0x1D161920)\VenMedia(BE74FCF7-0B7C-49F3-9147-01F4042E6842,6F2AFAE5661902418D628F7BE4122C36)
9:684  0:018  - [09]: Volume: PciRoot(0x0)\Pci(0x17,0x0)\Sata(0x1,0xFFFF,0x0)\HD(2,GPT,7F117338-4082-430B-B103-AFB868978D2D,0x64028,0x1D161920)\VenMedia(BE74FCF7-0B7C-49F3-9147-01F4042E6842,6AB6AE57446AD740A4E85F559E45DB53)
9:705  0:021  found 2 handles with audio
9:715  0:009  No AudioIoDevice stored
9:724  0:009  no stored audio parameters
9:733  0:009  === [ InitTheme ] =========================================
10:128  0:394  use night theme
10:141  0:013  Using theme 'tonymacx86' (EFI\CLOVER\themes\tonymacx86)
10:151  0:009  file sound read: sound_night.wav Not Found
10:161  0:009  file sound read: sound.wav Not Found
10:171  0:009  Loading font from ThemeDir: Error
10:184  0:013  theme inited
10:193  0:009  Chosen theme tonymacx86
10:203  0:009  after NVRAM boot-args=dart=0
10:212  0:009  Scanning legacy ...
10:221  0:009  === [ Dump SMC keys from NVRAM ] ==========================
10:478  0:256  found AppleSMC protocol
10:543  0:064  Registered 16 SMC keys
10:554  0:010  === [ ScanLoader ] ========================================
10:957  0:403  - [02]: 'EFI'
11:106  0:149  - [03]: 'HDD'
11:240  0:133  - [04]: 'EFI'
11:389  0:149          AddLoaderEntry for Volume Name=EFI
11:401  0:011          skipped because entry is hidden
11:410  0:009  - [06]: 'Preboot'
11:449  0:039          AddLoaderEntry for Volume Name=Preboot
11:482  0:032      Check if volume Is Hibernated:
11:491  0:009      Check sleep image 'by signature':
11:502  0:011      using default sleep image name = \private\var\vm\sleepimage
11:512  0:009      sleepimage not found -> Not Found
11:522  0:009      hibernated: no - sign
11:548  0:026          AddLoaderEntry for Volume Name=Preboot
11:716  0:167  - [07]: 'Mac OS'
11:919  0:202          AddLoaderEntry for Volume Name=Mac OS
11:971  0:051      Check if volume Is Hibernated:
11:980  0:009      Check sleep image 'by signature':
12:044  0:064      read prefs \Library\Preferences\com.apple.PowerManagement.plist status=Success
12:053  0:009      using default sleep image name = \private\var\vm\sleepimage
12:085  0:031      sleepimage not found -> Not Found
12:095  0:009      hibernated: no - sign
12:281  0:186  - [08]: 'Recovery'
12:317  0:036          AddLoaderEntry for Volume Name=Recovery
12:475  0:158  - [09]: 'VM'
12:590  0:114  === [ AddCustomTool ] =====================================
12:951  0:361  found tool \EFI\CLOVER\tools\Shell64U.efi
12:960  0:009  Checking EFI partition Volume 2 for Clover
12:973  0:012  Checking EFI partition Volume 4 for Clover
12:986  0:012   Found Clover
13:008  0:022  === [ GetEfiBootDeviceFromNvram ] =========================
13:256  0:248   - found entry 2. 'Boot macOS from Mac OS', Volume 'Mac OS', DevicePath 'PciRoot(0x0)\Pci(0x17,0x0)\Sata(0x1,0xFFFF,0x0)\HD(2,GPT,7F117338-4082-430B-B103-AFB868978D2D,0x64028,0x1D161920)\VenMedia(BE74FCF7-0B7C-49F3-9147-01F4042E6842,2F69B79F39AC5341B842727A97A381BC)\System\Library\CoreServices\boot.efii'
13:268  0:012  DefaultIndex=2 and MainMenu.EntryCount=10
13:394  0:125  GUI ready
17:467  4:073  === [ StartLoader ] =======================================
17:843  0:376  Finally: ExternalClock=26MHz BusSpeed=100014kHz CPUFreq=4201MHz PIS: hw.busfrequency=104000000Hz
17:865  0:021  Loading boot.efi  status=Success
17:964  0:099  GetOSVersion: 10.14.4 (18E227)
17:983  0:018  CSR_CFG: CSR_ALLOW_UNTRUSTED_KEXTS | CSR_ALLOW_UNRESTRICTED_FS
17:992  0:009  Filtering KextPatches:
18:001  0:009   - [00]: AppleAHCIPort (External icons patch) :: BinPatch :: [OS: 10.14.4 | MatchOS: All | MatchBuild: All] ==> allowed
18:019  0:018  Will not patch boot.efi
18:028  0:009  === [ PatchSmbios ] =======================================
18:406  0:378  insert table 9 for dev 0:0
18:416  0:009  insert table 9 for dev 0:1
18:425  0:009  insert table 9 for dev 1F:6
18:435  0:009  Channels: 2
18:444  0:009  Interleave: 0 2 1 3 4 6 5 7 8 10 9 11 12 14 13 15 16 18 17 19 20 22 21 23
18:688  0:244  SMBIOS Type 17 Index = 0 => 0 0:
18:700  0:012  BANK 0 DIMM0 EMPTY
18:709  0:009  SMBIOS Type 17 Index = 1 => 2 2:
18:719  0:009  BANK 1 DIMM0 EMPTY
18:728  0:009  SMBIOS Type 17 Index = 2 => 1 1:
18:737  0:009  BANK 0 DIMM1 2667MHz 8192MB
18:752  0:015  SMBIOS Type 17 Index = 3 => 3 3:
18:761  0:009  BANK 1 DIMM1 2667MHz 8192MB
18:770  0:009  mTotalSystemMemory = 16384
18:779  0:009  NumberOfMemoryDevices = 4
18:788  0:009  Type20[0]->End = 0x7FFFFF, Type17[2] = 0x2000
18:798  0:009  Type20[1]->End = 0xFFFFFF, Type17[3] = 0x6000
18:807  0:009  Table 131 is present, CPUType=31
18:816  0:009  Change to: 705
18:828  0:012  === [ PatchACPI ] =========================================
19:231  0:402  Xsdt reallocation done
19:240  0:009  old FADT length=114
19:252  0:012   SignatureFixup: 0x5C98C032 -> 0x0
19:265  0:012  Apply DsdtFixMask=0x00000000
19:274  0:009     drop _DSM mask=0xFFFF
19:283  0:009  === [ FixBiosDsdt ] =======================================
19:658  0:375    0 replacements
19:668  0:009  PreCleanup XSDT: count=19, length=188
19:677  0:009  PreCleanup XSDT, corrected XSDT: count=19, length=188
19:686  0:008  === [ ACPIDropTables ] ====================================
20:035  0:348    0 replacements
20:044  0:009  Found OperationRegion(SANV, SystemMemory, BEB96018, ...)
20:056  0:012    0 replacements
20:065  0:009    0 replacements
20:074  0:009    0 replacements
20:083  0:009    0 replacements
20:092  0:009  Found OperationRegion(PNVS, SystemMemory, B565B000, ...)
20:102  0:009    0 replacements
20:111  0:009    0 replacements
20:120  0:009  CPUBase=0 and ApicCPUBase=1 ApicCPUNum=1
20:129  0:009  Cleanup XSDT: count=19, length=188
20:138  0:009  corrected XSDT count=19, length=188
20:147  0:009  === [ RestSetup macOS ] ===================================
20:489  0:341  ATI injection not set
20:499  0:009   RCBA disabled; cannot use it
20:508  0:009   setting specified layout-id=1 (0x1)
20:517  0:009  stringlength = 1542
20:526  0:009  CurrentMode: Width=1920 Height=1080
20:535  0:009  Beginning FSInjection
20:554  0:018  Use origin smbios table type 1 guid.
20:576  0:021  Preparing kexts injection for arch=x86_64 from EFI\CLOVER\kexts\Other
20:585  0:009  Extra kext: EFI\CLOVER\kexts\Other\FakeSMC.kext (v.1800)
20:604  0:019  Preparing kexts injection for arch=x86_64 from EFI\CLOVER\kexts\10.14
20:615  0:010  SetScreenResolution: 1920x1080 - already set
20:633  0:018  Custom boot is disabled
20:643  0:010  Closing log
